Information: Performing power optimization. (PWR-850)
Analyzing: "/users/ugrad2/2012/spring/pooriam/libraries/saed32lvt_tt1p05vn40c.db"
Library analysis succeeded.
Information: Evaluating DesignWare library utilization. (UISN-27)

============================================================================
| DesignWare Building Block Library  |         Version         | Available |
============================================================================
| Basic DW Building Blocks           | J-2014.09-DWBB_201409.4 |     *     |
| Licensed DW Building Blocks        | J-2014.09-DWBB_201409.4 |     *     |
============================================================================

Information: Sequential output inversion is enabled.  SVF file must be used for formal verification. (OPT-1208)

Information: There are 190 potential problems in your design. Please run 'check_design' for more information. (LINT-99)


Loaded alib file './alib-52/saed32lvt_tt1p05vn40c.db.alib'
Information: Ungrouping hierarchy riscv_inst/cp_inst before Pass 1 (OPT-776)
Information: Ungrouping hierarchy riscv_inst/dmem_inst before Pass 1 (OPT-776)
Information: Ungrouping hierarchy riscv_inst/dp_inst/pc_inst before Pass 1 (OPT-776)
Information: Ungrouping hierarchy riscv_inst/dp_inst/immgen_inst before Pass 1 (OPT-776)
Information: Ungrouping hierarchy riscv_inst/dp_inst/jalradder before Pass 1 (OPT-776)
Information: Ungrouping hierarchy riscv_inst/dp_inst/jaladder before Pass 1 (OPT-776)
Information: Ungrouping hierarchy riscv_inst/dp_inst/jalpc before Pass 1 (OPT-776)
Information: Ungrouping hierarchy riscv_inst/dp_inst/aluc_inst before Pass 1 (OPT-776)
Information: Ungrouping hierarchy riscv_inst/dp_inst/alu_inst before Pass 1 (OPT-776)
Information: Ungrouping hierarchy riscv_inst/dp_inst/pcadder before Pass 1 (OPT-776)
Information: Ungrouping hierarchy riscv_inst/dp_inst/pcmux before Pass 1 (OPT-776)
Information: Ungrouping hierarchy riscv_inst/dp_inst/jmp_mux before Pass 1 (OPT-776)
Information: Ungrouping 12 of 17 hierarchies before Pass 1 (OPT-775)
Information: State dependent leakage is now switched from on to off.

  Beginning Pass 1 Mapping
  ------------------------
  Processing 'register_file_AW5_DW32'
 Implement Synthetic for 'register_file_AW5_DW32'.
  Processing 'datapath_AW32_I_ctrl_controller_if__I_dmem_if_memory_if__'
Information: Added key list 'DesignWare' to design 'datapath_AW32_I_ctrl_controller_if__I_dmem_if_memory_if__'. (DDB-72)
 Implement Synthetic for 'datapath_AW32_I_ctrl_controller_if__I_dmem_if_memory_if__'.
  Processing 'riscv'
  Processing 'design_top'

  Updating timing information
Information: Updating design information... (UID-85)
Information: The library cell 'PMT3_LVT' in the library 'saed32lvt_tt1p05vn40c' is not characterized for internal power. (PWR-536)
Information: The library cell 'PMT2_LVT' in the library 'saed32lvt_tt1p05vn40c' is not characterized for internal power. (PWR-536)
Information: The library cell 'PMT1_LVT' in the library 'saed32lvt_tt1p05vn40c' is not characterized for internal power. (PWR-536)
Information: The library cell 'NMT3_LVT' in the library 'saed32lvt_tt1p05vn40c' is not characterized for internal power. (PWR-536)
Information: The library cell 'NMT2_LVT' in the library 'saed32lvt_tt1p05vn40c' is not characterized for internal power. (PWR-536)
Information: The library cell 'NMT1_LVT' in the library 'saed32lvt_tt1p05vn40c' is not characterized for internal power. (PWR-536)
Information: The target library(s) contains cell(s), other than black boxes, that are not characterized for internal power. (PWR-24)
Warning: Removing don't touch or size only GTECH cell riscv_inst/imem_inst/I_0, because it is not driving any load. (OPT-112)
Warning: Removing don't touch or size only GTECH cell riscv_inst/imem_inst/I_0, because it is not driving any load. (OPT-112)
Warning: Removing don't touch or size only GTECH cell riscv_inst/imem_inst/I_0, because it is not driving any load. (OPT-112)
Warning: Removing don't touch or size only GTECH cell riscv_inst/imem_inst/I_0, because it is not driving any load. (OPT-112)

Threshold voltage group cell usage:
>> saed32cell_lvt 99.98%, undefined 0.02%

  Beginning Mapping Optimizations  (Ultra High effort)
  -------------------------------
Information: Ungrouping hierarchy riscv_inst 'riscv' #insts = 27. (OPT-777)
  Mapping Optimization (Phase 1)
Warning: Removing don't touch or size only GTECH cell riscv_inst/imem_inst/I_0, because it is not driving any load. (OPT-112)
Warning: Removing don't touch or size only GTECH cell riscv_inst/imem_inst/I_0, because it is not driving any load. (OPT-112)
Warning: Removing don't touch or size only GTECH cell riscv_inst/imem_inst/I_0, because it is not driving any load. (OPT-112)
Warning: Removing don't touch or size only GTECH cell riscv_inst/imem_inst/I_0, because it is not driving any load. (OPT-112)
Warning: Removing don't touch or size only GTECH cell riscv_inst/imem_inst/I_0, because it is not driving any load. (OPT-112)
Warning: Removing don't touch or size only GTECH cell riscv_inst/imem_inst/I_0, because it is not driving any load. (OPT-112)
Warning: Removing don't touch or size only GTECH cell riscv_inst/imem_inst/I_0, because it is not driving any load. (OPT-112)
Warning: Removing don't touch or size only GTECH cell riscv_inst/imem_inst/I_0, because it is not driving any load. (OPT-112)
Warning: Removing don't touch or size only GTECH cell riscv_inst/imem_inst/I_0, because it is not driving any load. (OPT-112)
Warning: Removing don't touch or size only GTECH cell riscv_inst/imem_inst/I_0, because it is not driving any load. (OPT-112)
Warning: Removing don't touch or size only GTECH cell riscv_inst/imem_inst/I_0, because it is not driving any load. (OPT-112)
Warning: Removing don't touch or size only GTECH cell riscv_inst/imem_inst/I_0, because it is not driving any load. (OPT-112)

                                  TOTAL                                                
   ELAPSED            WORST NEG   SETUP    DESIGN                              LEAKAGE 
    TIME      AREA      SLACK     COST    RULE COST         ENDPOINT            POWER  
  --------- --------- --------- --------- --------- ------------------------- ---------
    0:00:42  125058.8      1.47     590.8      44.3                           16594225152.0000
    0:00:43  125058.8      1.47     590.8      44.3                           16594225152.0000
    0:00:43  125058.8      1.47     590.8      44.3                           16594225152.0000
    0:00:43  125058.8      1.47     590.8      44.3                           16594225152.0000
  Re-synthesis Optimization (Phase 1)
  Re-synthesis Optimization (Phase 2)
  Global Optimization (Phase 1)
  Global Optimization (Phase 2)
  Global Optimization (Phase 3)
  Global Optimization (Phase 4)
  Global Optimization (Phase 5)
  Global Optimization (Phase 6)
  Global Optimization (Phase 7)
  Global Optimization (Phase 8)
  Global Optimization (Phase 9)
  Global Optimization (Phase 10)
  Global Optimization (Phase 11)
  Global Optimization (Phase 12)
  Global Optimization (Phase 13)
  Global Optimization (Phase 14)
  Global Optimization (Phase 15)
  Global Optimization (Phase 16)
  Global Optimization (Phase 17)
  Global Optimization (Phase 18)
  Global Optimization (Phase 19)
  Global Optimization (Phase 20)
  Global Optimization (Phase 21)
  Global Optimization (Phase 22)
  Global Optimization (Phase 23)
  Global Optimization (Phase 24)
  Global Optimization (Phase 25)
  Global Optimization (Phase 26)
  Global Optimization (Phase 27)
  Global Optimization (Phase 28)
  Global Optimization (Phase 29)
  Global Optimization (Phase 30)
  Mapping 'datapath_AW32_I_ctrl_controller_if__I_dmem_if_memory_if___DP_OP_58_132_416_2'
  Mapping 'datapath_AW32_I_ctrl_controller_if__I_dmem_if_memory_if___DP_OP_21J2_122_6212_0'
  Mapping 'datapath_AW32_I_ctrl_controller_if__I_dmem_if_memory_if___DP_OP_38_131_3269_3'
  Mapping 'datapath_AW32_I_ctrl_controller_if__I_dmem_if_memory_if___DP_OP_58_132_416_3'
    0:00:57  125659.6      0.55     109.8      32.5                           17191737344.0000



  Beginning Delay Optimization Phase
  ----------------------------------

                                  TOTAL                                                
   ELAPSED            WORST NEG   SETUP    DESIGN                              LEAKAGE 
    TIME      AREA      SLACK     COST    RULE COST         ENDPOINT            POWER  
  --------- --------- --------- --------- --------- ------------------------- ---------
    0:00:57  125659.6      0.55     109.8      32.5                           17191737344.0000
    0:00:58  125668.8      0.54     107.1      32.5                           16722800640.0000
    0:01:14  125766.1      0.35      58.8      13.0                           16766313472.0000
    0:01:14  125766.1      0.35      58.8      13.0                           16766313472.0000
    0:01:14  125766.1      0.35      58.8      13.0                           16766313472.0000
    0:01:14  125766.1      0.35      58.8      13.0                           16766313472.0000
    0:01:31  125766.1      0.35      58.8      13.0                           16766313472.0000
    0:01:31  125766.1      0.35      58.8      13.0                           16766313472.0000
    0:01:36  126019.2      0.00       0.0       9.3                           17037416448.0000
    0:01:36  126019.2      0.00       0.0       9.3                           17037416448.0000
    0:01:36  126019.2      0.00       0.0       9.3                           17037416448.0000

Threshold voltage group cell usage:
>> saed32cell_lvt 99.98%, undefined 0.02%

  Beginning Delay Optimization
  ----------------------------
    0:01:36  126019.2      0.00       0.0       9.3                           17037416448.0000
    0:01:36  126019.2      0.00       0.0       9.3                           17037416448.0000
    0:01:36  126019.2      0.00       0.0       9.3                           17037416448.0000
    0:01:36  126019.2      0.00       0.0       9.3                           17037416448.0000
    0:01:36  126019.2      0.00       0.0       9.3                           17037416448.0000
    0:01:36  126019.2      0.00       0.0       9.3                           17037416448.0000
    0:01:36  126019.2      0.00       0.0       9.3                           17037416448.0000
    0:01:36  126019.2      0.00       0.0       9.3                           17037416448.0000


  Beginning Design Rule Fixing  (max_capacitance)
  ----------------------------

                                  TOTAL                                                
   ELAPSED            WORST NEG   SETUP    DESIGN                              LEAKAGE 
    TIME      AREA      SLACK     COST    RULE COST         ENDPOINT            POWER  
  --------- --------- --------- --------- --------- ------------------------- ---------
    0:01:36  126019.2      0.00       0.0       9.3                           17037416448.0000
  Global Optimization (Phase 31)
  Global Optimization (Phase 32)
  Global Optimization (Phase 33)
Warning: Removing don't touch or size only GTECH cell riscv_inst/imem_inst/I_0, because it is not driving any load. (OPT-112)
Warning: Removing don't touch or size only GTECH cell riscv_inst/imem_inst/I_0, because it is not driving any load. (OPT-112)
    0:01:37  126010.5      0.00       0.0       0.0                           17017827328.0000
    0:01:37  126010.5      0.00       0.0       0.0                           17017827328.0000
Warning: Removing don't touch or size only GTECH cell riscv_inst/imem_inst/I_0, because it is not driving any load. (OPT-112)
Warning: Removing don't touch or size only GTECH cell riscv_inst/imem_inst/I_0, because it is not driving any load. (OPT-112)

                                  TOTAL                                                
   ELAPSED            WORST NEG   SETUP    DESIGN                              LEAKAGE 
    TIME      AREA      SLACK     COST    RULE COST         ENDPOINT            POWER  
  --------- --------- --------- --------- --------- ------------------------- ---------
    0:01:37  126010.5      0.00       0.0       0.0                           17017827328.0000
    0:01:37  126010.5      0.00       0.0       0.0                           17017827328.0000
Warning: Removing don't touch or size only GTECH cell riscv_inst/imem_inst/I_0, because it is not driving any load. (OPT-112)
Warning: Removing don't touch or size only GTECH cell riscv_inst/imem_inst/I_0, because it is not driving any load. (OPT-112)
Warning: Removing don't touch or size only GTECH cell riscv_inst/imem_inst/I_0, because it is not driving any load. (OPT-112)
Warning: Removing don't touch or size only GTECH cell riscv_inst/imem_inst/I_0, because it is not driving any load. (OPT-112)
Warning: Removing don't touch or size only GTECH cell riscv_inst/imem_inst/I_0, because it is not driving any load. (OPT-112)
Warning: Removing don't touch or size only GTECH cell riscv_inst/imem_inst/I_0, because it is not driving any load. (OPT-112)
Warning: Removing don't touch or size only GTECH cell riscv_inst/imem_inst/I_0, because it is not driving any load. (OPT-112)
Warning: Removing don't touch or size only GTECH cell riscv_inst/imem_inst/I_0, because it is not driving any load. (OPT-112)

Threshold voltage group cell usage:
>> saed32cell_lvt 99.98%, undefined 0.02%


  Beginning Leakage Power Optimization  (max_leakage_power 0)
  ------------------------------------

                                  TOTAL                                                
   ELAPSED            WORST NEG   SETUP    DESIGN                              LEAKAGE 
    TIME      AREA      SLACK     COST    RULE COST         ENDPOINT            POWER  
  --------- --------- --------- --------- --------- ------------------------- ---------
    0:01:39  125998.1      0.03       1.4      12.4                           17006077952.0000
  Global Optimization (Phase 34)
  Global Optimization (Phase 35)
  Global Optimization (Phase 36)
  Global Optimization (Phase 37)
  Global Optimization (Phase 38)
  Global Optimization (Phase 39)
  Global Optimization (Phase 40)
  Global Optimization (Phase 41)
  Global Optimization (Phase 42)
  Global Optimization (Phase 43)
  Global Optimization (Phase 44)
  Global Optimization (Phase 45)
  Global Optimization (Phase 46)
  Global Optimization (Phase 47)
  Global Optimization (Phase 48)
  Global Optimization (Phase 49)
  Global Optimization (Phase 50)
  Global Optimization (Phase 51)
    0:01:51  126047.5      0.00       0.0       0.0                           16376341504.0000
    0:01:51  126047.5      0.00       0.0       0.0                           16376341504.0000
    0:01:52  126057.9      0.00       0.0       0.0                           16249746432.0000
    0:01:52  126057.9      0.00       0.0       0.0                           16249746432.0000
    0:01:52  126057.9      0.00       0.0       0.0                           16249746432.0000
    0:01:52  126057.9      0.00       0.0       0.0                           16249746432.0000
    0:01:52  126057.9      0.00       0.0       0.0                           16249746432.0000
    0:01:52  126057.9      0.00       0.0       0.0                           16249746432.0000
    0:01:52  126057.9      0.00       0.0       0.0                           16249746432.0000
    0:01:52  126057.9      0.00       0.0       0.0                           16249746432.0000
    0:01:52  126057.9      0.00       0.0       0.0                           16249746432.0000
    0:01:52  126057.9      0.00       0.0       0.0                           16249746432.0000
    0:01:52  126057.9      0.00       0.0       0.0                           16249746432.0000
    0:01:52  126057.9      0.00       0.0       0.0                           16249746432.0000
    0:01:52  126057.9      0.00       0.0       0.0                           16249746432.0000
    0:01:52  126057.9      0.00       0.0       0.0                           16249746432.0000
    0:01:52  126057.9      0.00       0.0       0.0                           16249746432.0000
    0:01:52  126057.9      0.00       0.0       0.0                           16249746432.0000
    0:01:52  126057.9      0.00       0.0       0.0                           16249746432.0000
    0:01:52  126057.9      0.00       0.0       0.0                           16249746432.0000
Warning: Removing don't touch or size only GTECH cell riscv_inst/imem_inst/I_0, because it is not driving any load. (OPT-112)
Warning: Removing don't touch or size only GTECH cell riscv_inst/imem_inst/I_0, because it is not driving any load. (OPT-112)

                                  TOTAL                                                
   ELAPSED            WORST NEG   SETUP    DESIGN                              LEAKAGE 
    TIME      AREA      SLACK     COST    RULE COST         ENDPOINT            POWER  
  --------- --------- --------- --------- --------- ------------------------- ---------
    0:01:53  126057.9      0.00       0.0       0.0                           16249746432.0000
    0:01:53  126787.6      0.07       2.4       0.0                           16125494272.0000
    0:01:54  126788.1      0.00       0.0       0.0                           16146138112.0000
    0:01:55  126773.5      0.00       0.0       0.0                           16128307200.0000
    0:01:55  126773.5      0.00       0.0       0.0                           16128307200.0000
    0:01:56  126776.9      0.00       0.0       0.0                           16124908544.0000
Loading db file '/users/ugrad2/2012/spring/pooriam/libraries/saed32lvt_tt1p05vn40c.db'
Loading db file '/users/ugrad2/2012/spring/pooriam/libraries/saed32sram_tt1p05vn40c.db'


Note: Symbol # after min delay cost means estimated hold TNS across all active scenarios 


  Optimization Complete
  ---------------------
Warning: Design 'design_top' contains 1 high-fanout nets. A fanout number of 1000 will be used for delay calculations involving these nets. (TIM-134)
     Net 'riscv_inst/dp_inst/regf_inst/clk': 1058 load(s), 1 driver(s)
Information: State dependent leakage is now switched from off to on.
Information: Propagating switching activity (low effort zero delay simulation). (PWR-6)
Warning: Design has unannotated black box outputs. (PWR-428)
1
